2025-05-13 00:28:22 [main] ERROR org.epamLab.utils.EnvironmentProperties - Error loading property file: src/test/resources/env_.properties
java.io.FileNotFoundException: src\test\resources\env_.properties (The system cannot find the file specified)
	at java.io.FileInputStream.open0(Native Method) ~[?:?]
	at java.io.FileInputStream.open(FileInputStream.java:213) ~[?:?]
	at java.io.FileInputStream.<init>(FileInputStream.java:152) ~[?:?]
	at java.io.FileInputStream.<init>(FileInputStream.java:106) ~[?:?]
	at org.epamLab.utils.EnvironmentProperties.<init>(EnvironmentProperties.java:17) [classes/:?]
	at base.BaseTestRunner.beforeSuite(BaseTestRunner.java:28) [test-classes/:?]
	at jdk.internal.reflect.DirectMethodHandleAccessor.invoke(DirectMethodHandleAccessor.java:103) ~[?:?]
	at java.lang.reflect.Method.invoke(Method.java:580) ~[?:?]
	at org.testng.internal.invokers.MethodInvocationHelper.invokeMethod(MethodInvocationHelper.java:141) [testng-7.11.0.jar:7.11.0]
	at org.testng.internal.invokers.MethodInvocationHelper.invokeMethodConsideringTimeout(MethodInvocationHelper.java:71) [testng-7.11.0.jar:7.11.0]
	at org.testng.internal.invokers.ConfigInvoker.invokeConfigurationMethod(ConfigInvoker.java:400) [testng-7.11.0.jar:7.11.0]
	at org.testng.internal.invokers.ConfigInvoker.invokeConfigurations(ConfigInvoker.java:333) [testng-7.11.0.jar:7.11.0]
	at org.testng.SuiteRunner.privateRun(SuiteRunner.java:358) [testng-7.11.0.jar:7.11.0]
	at org.testng.SuiteRunner.run(SuiteRunner.java:312) [testng-7.11.0.jar:7.11.0]
	at org.testng.SuiteRunnerWorker.runSuite(SuiteRunnerWorker.java:52) [testng-7.11.0.jar:7.11.0]
	at org.testng.SuiteRunnerWorker.run(SuiteRunnerWorker.java:95) [testng-7.11.0.jar:7.11.0]
	at org.testng.TestNG.runSuitesSequentially(TestNG.java:1274) [testng-7.11.0.jar:7.11.0]
	at org.testng.TestNG.runSuitesLocally(TestNG.java:1208) [testng-7.11.0.jar:7.11.0]
	at org.testng.TestNG.runSuites(TestNG.java:1112) [testng-7.11.0.jar:7.11.0]
	at org.testng.TestNG.run(TestNG.java:1079) [testng-7.11.0.jar:7.11.0]
	at org.apache.maven.surefire.testng.TestNGExecutor.run(TestNGExecutor.java:308) [surefire-testng-3.5.3.jar:3.5.3]
	at org.apache.maven.surefire.testng.TestNGXmlTestSuite.execute(TestNGXmlTestSuite.java:71) [surefire-testng-3.5.3.jar:3.5.3]
	at org.apache.maven.surefire.testng.TestNGProvider.invoke(TestNGProvider.java:113) [surefire-testng-3.5.3.jar:3.5.3]
	at org.apache.maven.surefire.booter.ForkedBooter.runSuitesInProcess(ForkedBooter.java:385) [surefire-booter-3.5.3.jar:3.5.3]
	at org.apache.maven.surefire.booter.ForkedBooter.execute(ForkedBooter.java:162) [surefire-booter-3.5.3.jar:3.5.3]
	at org.apache.maven.surefire.booter.ForkedBooter.run(ForkedBooter.java:507) [surefire-booter-3.5.3.jar:3.5.3]
	at org.apache.maven.surefire.booter.ForkedBooter.main(ForkedBooter.java:495) [surefire-booter-3.5.3.jar:3.5.3]
2025-05-13 00:28:22 [main] INFO  org.epamLab.listeners.ScreenshotListener - Test context 'Regression Tests' started.
2025-05-13 00:28:26 [main] WARN  org.epamLab.listeners.ScreenshotListener - Test 'testAddProductToWishlist' was skipped.
2025-05-13 00:28:27 [main] WARN  org.epamLab.listeners.ScreenshotListener - Test 'verifyAddedProductWithSetQuantity' was skipped.
2025-05-13 00:28:27 [main] INFO  org.epamLab.listeners.ScreenshotListener - Test context 'Regression Tests' finished.
2025-05-13 00:28:46 [main] ERROR org.epamLab.utils.EnvironmentProperties - Error loading property file: src/test/resources/env_.properties
java.io.FileNotFoundException: src\test\resources\env_.properties (The system cannot find the file specified)
	at java.io.FileInputStream.open0(Native Method) ~[?:?]
	at java.io.FileInputStream.open(FileInputStream.java:213) ~[?:?]
	at java.io.FileInputStream.<init>(FileInputStream.java:152) ~[?:?]
	at java.io.FileInputStream.<init>(FileInputStream.java:106) ~[?:?]
	at org.epamLab.utils.EnvironmentProperties.<init>(EnvironmentProperties.java:17) [classes/:?]
	at base.BaseTestRunner.beforeSuite(BaseTestRunner.java:28) [test-classes/:?]
	at jdk.internal.reflect.DirectMethodHandleAccessor.invoke(DirectMethodHandleAccessor.java:103) ~[?:?]
	at java.lang.reflect.Method.invoke(Method.java:580) ~[?:?]
	at org.testng.internal.invokers.MethodInvocationHelper.invokeMethod(MethodInvocationHelper.java:141) [testng-7.11.0.jar:7.11.0]
	at org.testng.internal.invokers.MethodInvocationHelper.invokeMethodConsideringTimeout(MethodInvocationHelper.java:71) [testng-7.11.0.jar:7.11.0]
	at org.testng.internal.invokers.ConfigInvoker.invokeConfigurationMethod(ConfigInvoker.java:400) [testng-7.11.0.jar:7.11.0]
	at org.testng.internal.invokers.ConfigInvoker.invokeConfigurations(ConfigInvoker.java:333) [testng-7.11.0.jar:7.11.0]
	at org.testng.SuiteRunner.privateRun(SuiteRunner.java:358) [testng-7.11.0.jar:7.11.0]
	at org.testng.SuiteRunner.run(SuiteRunner.java:312) [testng-7.11.0.jar:7.11.0]
	at org.testng.SuiteRunnerWorker.runSuite(SuiteRunnerWorker.java:52) [testng-7.11.0.jar:7.11.0]
	at org.testng.SuiteRunnerWorker.run(SuiteRunnerWorker.java:95) [testng-7.11.0.jar:7.11.0]
	at org.testng.TestNG.runSuitesSequentially(TestNG.java:1274) [testng-7.11.0.jar:7.11.0]
	at org.testng.TestNG.runSuitesLocally(TestNG.java:1208) [testng-7.11.0.jar:7.11.0]
	at org.testng.TestNG.runSuites(TestNG.java:1112) [testng-7.11.0.jar:7.11.0]
	at org.testng.TestNG.run(TestNG.java:1079) [testng-7.11.0.jar:7.11.0]
	at org.apache.maven.surefire.testng.TestNGExecutor.run(TestNGExecutor.java:308) [surefire-testng-3.5.3.jar:3.5.3]
	at org.apache.maven.surefire.testng.TestNGXmlTestSuite.execute(TestNGXmlTestSuite.java:71) [surefire-testng-3.5.3.jar:3.5.3]
	at org.apache.maven.surefire.testng.TestNGProvider.invoke(TestNGProvider.java:113) [surefire-testng-3.5.3.jar:3.5.3]
	at org.apache.maven.surefire.booter.ForkedBooter.runSuitesInProcess(ForkedBooter.java:385) [surefire-booter-3.5.3.jar:3.5.3]
	at org.apache.maven.surefire.booter.ForkedBooter.execute(ForkedBooter.java:162) [surefire-booter-3.5.3.jar:3.5.3]
	at org.apache.maven.surefire.booter.ForkedBooter.run(ForkedBooter.java:507) [surefire-booter-3.5.3.jar:3.5.3]
	at org.apache.maven.surefire.booter.ForkedBooter.main(ForkedBooter.java:495) [surefire-booter-3.5.3.jar:3.5.3]
2025-05-13 00:28:46 [main] INFO  org.epamLab.listeners.ScreenshotListener - Test context 'Regression Tests' started.
2025-05-13 00:28:47 [main] WARN  org.epamLab.listeners.ScreenshotListener - Test 'testAddProductToWishlist' was skipped.
2025-05-13 00:28:48 [main] WARN  org.epamLab.listeners.ScreenshotListener - Test 'verifyAddedProductWithSetQuantity' was skipped.
2025-05-13 00:28:48 [main] INFO  org.epamLab.listeners.ScreenshotListener - Test context 'Regression Tests' finished.
2025-05-13 00:29:40 [main] ERROR org.epamLab.utils.EnvironmentProperties - Error loading property file: src/test/resources/env_.properties
java.io.FileNotFoundException: src\test\resources\env_.properties (The system cannot find the file specified)
	at java.io.FileInputStream.open0(Native Method) ~[?:?]
	at java.io.FileInputStream.open(FileInputStream.java:213) ~[?:?]
	at java.io.FileInputStream.<init>(FileInputStream.java:152) ~[?:?]
	at java.io.FileInputStream.<init>(FileInputStream.java:106) ~[?:?]
	at org.epamLab.utils.EnvironmentProperties.<init>(EnvironmentProperties.java:17) [classes/:?]
	at base.BaseTestRunner.beforeSuite(BaseTestRunner.java:28) [test-classes/:?]
	at jdk.internal.reflect.DirectMethodHandleAccessor.invoke(DirectMethodHandleAccessor.java:103) ~[?:?]
	at java.lang.reflect.Method.invoke(Method.java:580) ~[?:?]
	at org.testng.internal.invokers.MethodInvocationHelper.invokeMethod(MethodInvocationHelper.java:141) [testng-7.11.0.jar:7.11.0]
	at org.testng.internal.invokers.MethodInvocationHelper.invokeMethodConsideringTimeout(MethodInvocationHelper.java:71) [testng-7.11.0.jar:7.11.0]
	at org.testng.internal.invokers.ConfigInvoker.invokeConfigurationMethod(ConfigInvoker.java:400) [testng-7.11.0.jar:7.11.0]
	at org.testng.internal.invokers.ConfigInvoker.invokeConfigurations(ConfigInvoker.java:333) [testng-7.11.0.jar:7.11.0]
	at org.testng.SuiteRunner.privateRun(SuiteRunner.java:358) [testng-7.11.0.jar:7.11.0]
	at org.testng.SuiteRunner.run(SuiteRunner.java:312) [testng-7.11.0.jar:7.11.0]
	at org.testng.SuiteRunnerWorker.runSuite(SuiteRunnerWorker.java:52) [testng-7.11.0.jar:7.11.0]
	at org.testng.SuiteRunnerWorker.run(SuiteRunnerWorker.java:95) [testng-7.11.0.jar:7.11.0]
	at org.testng.TestNG.runSuitesSequentially(TestNG.java:1274) [testng-7.11.0.jar:7.11.0]
	at org.testng.TestNG.runSuitesLocally(TestNG.java:1208) [testng-7.11.0.jar:7.11.0]
	at org.testng.TestNG.runSuites(TestNG.java:1112) [testng-7.11.0.jar:7.11.0]
	at org.testng.TestNG.run(TestNG.java:1079) [testng-7.11.0.jar:7.11.0]
	at org.apache.maven.surefire.testng.TestNGExecutor.run(TestNGExecutor.java:308) [surefire-testng-3.5.3.jar:3.5.3]
	at org.apache.maven.surefire.testng.TestNGXmlTestSuite.execute(TestNGXmlTestSuite.java:71) [surefire-testng-3.5.3.jar:3.5.3]
	at org.apache.maven.surefire.testng.TestNGProvider.invoke(TestNGProvider.java:113) [surefire-testng-3.5.3.jar:3.5.3]
	at org.apache.maven.surefire.booter.ForkedBooter.runSuitesInProcess(ForkedBooter.java:385) [surefire-booter-3.5.3.jar:3.5.3]
	at org.apache.maven.surefire.booter.ForkedBooter.execute(ForkedBooter.java:162) [surefire-booter-3.5.3.jar:3.5.3]
	at org.apache.maven.surefire.booter.ForkedBooter.run(ForkedBooter.java:507) [surefire-booter-3.5.3.jar:3.5.3]
	at org.apache.maven.surefire.booter.ForkedBooter.main(ForkedBooter.java:495) [surefire-booter-3.5.3.jar:3.5.3]
2025-05-13 00:29:40 [main] INFO  org.epamLab.listeners.ScreenshotListener - Test context 'Regression Tests' started.
2025-05-13 00:29:41 [main] WARN  org.epamLab.listeners.ScreenshotListener - Test 'testAddProductToWishlist' was skipped.
2025-05-13 00:29:42 [main] WARN  org.epamLab.listeners.ScreenshotListener - Test 'verifyAddedProductWithSetQuantity' was skipped.
2025-05-13 00:29:42 [main] INFO  org.epamLab.listeners.ScreenshotListener - Test context 'Regression Tests' finished.
2025-05-13 00:30:15 [main] ERROR org.epamLab.utils.EnvironmentProperties - Error loading property file: src/test/resources/env_.properties
java.io.FileNotFoundException: src\test\resources\env_.properties (The system cannot find the file specified)
	at java.io.FileInputStream.open0(Native Method) ~[?:?]
	at java.io.FileInputStream.open(FileInputStream.java:213) ~[?:?]
	at java.io.FileInputStream.<init>(FileInputStream.java:152) ~[?:?]
	at java.io.FileInputStream.<init>(FileInputStream.java:106) ~[?:?]
	at org.epamLab.utils.EnvironmentProperties.<init>(EnvironmentProperties.java:17) [classes/:?]
	at base.BaseTestRunner.beforeSuite(BaseTestRunner.java:28) [test-classes/:?]
	at jdk.internal.reflect.DirectMethodHandleAccessor.invoke(DirectMethodHandleAccessor.java:103) ~[?:?]
	at java.lang.reflect.Method.invoke(Method.java:580) ~[?:?]
	at org.testng.internal.invokers.MethodInvocationHelper.invokeMethod(MethodInvocationHelper.java:141) [testng-7.11.0.jar:7.11.0]
	at org.testng.internal.invokers.MethodInvocationHelper.invokeMethodConsideringTimeout(MethodInvocationHelper.java:71) [testng-7.11.0.jar:7.11.0]
	at org.testng.internal.invokers.ConfigInvoker.invokeConfigurationMethod(ConfigInvoker.java:400) [testng-7.11.0.jar:7.11.0]
	at org.testng.internal.invokers.ConfigInvoker.invokeConfigurations(ConfigInvoker.java:333) [testng-7.11.0.jar:7.11.0]
	at org.testng.SuiteRunner.privateRun(SuiteRunner.java:358) [testng-7.11.0.jar:7.11.0]
	at org.testng.SuiteRunner.run(SuiteRunner.java:312) [testng-7.11.0.jar:7.11.0]
	at org.testng.SuiteRunnerWorker.runSuite(SuiteRunnerWorker.java:52) [testng-7.11.0.jar:7.11.0]
	at org.testng.SuiteRunnerWorker.run(SuiteRunnerWorker.java:95) [testng-7.11.0.jar:7.11.0]
	at org.testng.TestNG.runSuitesSequentially(TestNG.java:1274) [testng-7.11.0.jar:7.11.0]
	at org.testng.TestNG.runSuitesLocally(TestNG.java:1208) [testng-7.11.0.jar:7.11.0]
	at org.testng.TestNG.runSuites(TestNG.java:1112) [testng-7.11.0.jar:7.11.0]
	at org.testng.TestNG.run(TestNG.java:1079) [testng-7.11.0.jar:7.11.0]
	at org.apache.maven.surefire.testng.TestNGExecutor.run(TestNGExecutor.java:308) [surefire-testng-3.5.3.jar:3.5.3]
	at org.apache.maven.surefire.testng.TestNGXmlTestSuite.execute(TestNGXmlTestSuite.java:71) [surefire-testng-3.5.3.jar:3.5.3]
	at org.apache.maven.surefire.testng.TestNGProvider.invoke(TestNGProvider.java:113) [surefire-testng-3.5.3.jar:3.5.3]
	at org.apache.maven.surefire.booter.ForkedBooter.runSuitesInProcess(ForkedBooter.java:385) [surefire-booter-3.5.3.jar:3.5.3]
	at org.apache.maven.surefire.booter.ForkedBooter.execute(ForkedBooter.java:162) [surefire-booter-3.5.3.jar:3.5.3]
	at org.apache.maven.surefire.booter.ForkedBooter.run(ForkedBooter.java:507) [surefire-booter-3.5.3.jar:3.5.3]
	at org.apache.maven.surefire.booter.ForkedBooter.main(ForkedBooter.java:495) [surefire-booter-3.5.3.jar:3.5.3]
2025-05-13 00:30:15 [main] INFO  org.epamLab.listeners.ScreenshotListener - Test context 'Regression Tests' started.
2025-05-13 00:30:16 [main] WARN  org.epamLab.listeners.ScreenshotListener - Test 'testAddProductToWishlist' was skipped.
2025-05-13 00:30:17 [main] WARN  org.epamLab.listeners.ScreenshotListener - Test 'verifyAddedProductWithSetQuantity' was skipped.
2025-05-13 00:30:17 [main] INFO  org.epamLab.listeners.ScreenshotListener - Test context 'Regression Tests' finished.
2025-05-13 00:30:49 [main] ERROR org.epamLab.utils.EnvironmentProperties - Error loading property file: src/test/resources/env_.properties
java.io.FileNotFoundException: src\test\resources\env_.properties (The system cannot find the file specified)
	at java.io.FileInputStream.open0(Native Method) ~[?:?]
	at java.io.FileInputStream.open(FileInputStream.java:213) ~[?:?]
	at java.io.FileInputStream.<init>(FileInputStream.java:152) ~[?:?]
	at java.io.FileInputStream.<init>(FileInputStream.java:106) ~[?:?]
	at org.epamLab.utils.EnvironmentProperties.<init>(EnvironmentProperties.java:17) [classes/:?]
	at base.BaseTestRunner.beforeSuite(BaseTestRunner.java:79) [test-classes/:?]
	at jdk.internal.reflect.DirectMethodHandleAccessor.invoke(DirectMethodHandleAccessor.java:103) ~[?:?]
	at java.lang.reflect.Method.invoke(Method.java:580) ~[?:?]
	at org.testng.internal.invokers.MethodInvocationHelper.invokeMethod(MethodInvocationHelper.java:141) [testng-7.11.0.jar:7.11.0]
	at org.testng.internal.invokers.MethodInvocationHelper.invokeMethodConsideringTimeout(MethodInvocationHelper.java:71) [testng-7.11.0.jar:7.11.0]
	at org.testng.internal.invokers.ConfigInvoker.invokeConfigurationMethod(ConfigInvoker.java:400) [testng-7.11.0.jar:7.11.0]
	at org.testng.internal.invokers.ConfigInvoker.invokeConfigurations(ConfigInvoker.java:333) [testng-7.11.0.jar:7.11.0]
	at org.testng.SuiteRunner.privateRun(SuiteRunner.java:358) [testng-7.11.0.jar:7.11.0]
	at org.testng.SuiteRunner.run(SuiteRunner.java:312) [testng-7.11.0.jar:7.11.0]
	at org.testng.SuiteRunnerWorker.runSuite(SuiteRunnerWorker.java:52) [testng-7.11.0.jar:7.11.0]
	at org.testng.SuiteRunnerWorker.run(SuiteRunnerWorker.java:95) [testng-7.11.0.jar:7.11.0]
	at org.testng.TestNG.runSuitesSequentially(TestNG.java:1274) [testng-7.11.0.jar:7.11.0]
	at org.testng.TestNG.runSuitesLocally(TestNG.java:1208) [testng-7.11.0.jar:7.11.0]
	at org.testng.TestNG.runSuites(TestNG.java:1112) [testng-7.11.0.jar:7.11.0]
	at org.testng.TestNG.run(TestNG.java:1079) [testng-7.11.0.jar:7.11.0]
	at org.apache.maven.surefire.testng.TestNGExecutor.run(TestNGExecutor.java:308) [surefire-testng-3.5.3.jar:3.5.3]
	at org.apache.maven.surefire.testng.TestNGXmlTestSuite.execute(TestNGXmlTestSuite.java:71) [surefire-testng-3.5.3.jar:3.5.3]
	at org.apache.maven.surefire.testng.TestNGProvider.invoke(TestNGProvider.java:113) [surefire-testng-3.5.3.jar:3.5.3]
	at org.apache.maven.surefire.booter.ForkedBooter.runSuitesInProcess(ForkedBooter.java:385) [surefire-booter-3.5.3.jar:3.5.3]
	at org.apache.maven.surefire.booter.ForkedBooter.execute(ForkedBooter.java:162) [surefire-booter-3.5.3.jar:3.5.3]
	at org.apache.maven.surefire.booter.ForkedBooter.run(ForkedBooter.java:507) [surefire-booter-3.5.3.jar:3.5.3]
	at org.apache.maven.surefire.booter.ForkedBooter.main(ForkedBooter.java:495) [surefire-booter-3.5.3.jar:3.5.3]
2025-05-13 00:30:49 [main] INFO  org.epamLab.listeners.ScreenshotListener - Test context 'Regression Tests' started.
2025-05-13 00:30:50 [main] WARN  org.epamLab.listeners.ScreenshotListener - Test 'testAddProductToWishlist' was skipped.
2025-05-13 00:30:50 [main] WARN  org.epamLab.listeners.ScreenshotListener - Test 'verifyAddedProductWithSetQuantity' was skipped.
2025-05-13 00:30:50 [main] INFO  org.epamLab.listeners.ScreenshotListener - Test context 'Regression Tests' finished.
2025-05-13 00:31:36 [main] ERROR org.epamLab.utils.EnvironmentProperties - Error loading property file: src/test/resources/env_.properties
java.io.FileNotFoundException: src\test\resources\env_.properties (The system cannot find the file specified)
	at java.io.FileInputStream.open0(Native Method) ~[?:?]
	at java.io.FileInputStream.open(FileInputStream.java:213) ~[?:?]
	at java.io.FileInputStream.<init>(FileInputStream.java:152) ~[?:?]
	at java.io.FileInputStream.<init>(FileInputStream.java:106) ~[?:?]
	at org.epamLab.utils.EnvironmentProperties.<init>(EnvironmentProperties.java:17) [classes/:?]
	at base.BaseTestRunner.beforeSuite(BaseTestRunner.java:28) [test-classes/:?]
	at jdk.internal.reflect.DirectMethodHandleAccessor.invoke(DirectMethodHandleAccessor.java:103) ~[?:?]
	at java.lang.reflect.Method.invoke(Method.java:580) ~[?:?]
	at org.testng.internal.invokers.MethodInvocationHelper.invokeMethod(MethodInvocationHelper.java:141) [testng-7.11.0.jar:7.11.0]
	at org.testng.internal.invokers.MethodInvocationHelper.invokeMethodConsideringTimeout(MethodInvocationHelper.java:71) [testng-7.11.0.jar:7.11.0]
	at org.testng.internal.invokers.ConfigInvoker.invokeConfigurationMethod(ConfigInvoker.java:400) [testng-7.11.0.jar:7.11.0]
	at org.testng.internal.invokers.ConfigInvoker.invokeConfigurations(ConfigInvoker.java:333) [testng-7.11.0.jar:7.11.0]
	at org.testng.SuiteRunner.privateRun(SuiteRunner.java:358) [testng-7.11.0.jar:7.11.0]
	at org.testng.SuiteRunner.run(SuiteRunner.java:312) [testng-7.11.0.jar:7.11.0]
	at org.testng.SuiteRunnerWorker.runSuite(SuiteRunnerWorker.java:52) [testng-7.11.0.jar:7.11.0]
	at org.testng.SuiteRunnerWorker.run(SuiteRunnerWorker.java:95) [testng-7.11.0.jar:7.11.0]
	at org.testng.TestNG.runSuitesSequentially(TestNG.java:1274) [testng-7.11.0.jar:7.11.0]
	at org.testng.TestNG.runSuitesLocally(TestNG.java:1208) [testng-7.11.0.jar:7.11.0]
	at org.testng.TestNG.runSuites(TestNG.java:1112) [testng-7.11.0.jar:7.11.0]
	at org.testng.TestNG.run(TestNG.java:1079) [testng-7.11.0.jar:7.11.0]
	at org.apache.maven.surefire.testng.TestNGExecutor.run(TestNGExecutor.java:308) [surefire-testng-3.5.3.jar:3.5.3]
	at org.apache.maven.surefire.testng.TestNGXmlTestSuite.execute(TestNGXmlTestSuite.java:71) [surefire-testng-3.5.3.jar:3.5.3]
	at org.apache.maven.surefire.testng.TestNGProvider.invoke(TestNGProvider.java:113) [surefire-testng-3.5.3.jar:3.5.3]
	at org.apache.maven.surefire.booter.ForkedBooter.runSuitesInProcess(ForkedBooter.java:385) [surefire-booter-3.5.3.jar:3.5.3]
	at org.apache.maven.surefire.booter.ForkedBooter.execute(ForkedBooter.java:162) [surefire-booter-3.5.3.jar:3.5.3]
	at org.apache.maven.surefire.booter.ForkedBooter.run(ForkedBooter.java:507) [surefire-booter-3.5.3.jar:3.5.3]
	at org.apache.maven.surefire.booter.ForkedBooter.main(ForkedBooter.java:495) [surefire-booter-3.5.3.jar:3.5.3]
2025-05-13 00:31:36 [main] INFO  org.epamLab.listeners.ScreenshotListener - Test context 'Regression Tests' started.
2025-05-13 00:31:37 [main] WARN  org.epamLab.listeners.ScreenshotListener - Test 'testAddProductToWishlist' was skipped.
2025-05-13 00:31:38 [main] WARN  org.epamLab.listeners.ScreenshotListener - Test 'verifyAddedProductWithSetQuantity' was skipped.
2025-05-13 00:31:38 [main] INFO  org.epamLab.listeners.ScreenshotListener - Test context 'Regression Tests' finished.
2025-05-13 00:42:11 [main] INFO  org.epamLab.utils.EnvironmentProperties - Loaded environment properties from: src/test/resources/env_test.properties
2025-05-13 00:42:11 [main] INFO  org.epamLab.listeners.ScreenshotListener - Test context 'Regression Tests' started.
2025-05-13 00:42:20 [main] INFO  org.epamLab.listeners.ScreenshotListener - Test 'testAddProductToWishlist' passed successfully.
2025-05-13 00:42:27 [main] INFO  org.epamLab.listeners.ScreenshotListener - Test 'verifyAddedProductWithSetQuantity' passed successfully.
2025-05-13 00:42:27 [main] INFO  org.epamLab.listeners.ScreenshotListener - Test context 'Regression Tests' finished.
2025-05-13 00:43:25 [main] INFO  org.epamLab.utils.EnvironmentProperties - Loaded environment properties from: src/test/resources/env_dev.properties
2025-05-13 00:43:25 [main] INFO  org.epamLab.listeners.ScreenshotListener - Test context 'Regression Tests' started.
2025-05-13 00:43:33 [main] INFO  org.epamLab.listeners.ScreenshotListener - Test 'testAddProductToWishlist' passed successfully.
2025-05-13 00:43:39 [main] INFO  org.epamLab.listeners.ScreenshotListener - Test 'verifyAddedProductWithSetQuantity' passed successfully.
2025-05-13 00:43:39 [main] INFO  org.epamLab.listeners.ScreenshotListener - Test context 'Regression Tests' finished.
2025-05-13 00:44:18 [main] ERROR org.epamLab.utils.EnvironmentProperties - Error loading property file: src/test/resources/env_.properties
java.io.FileNotFoundException: src\test\resources\env_.properties (The system cannot find the file specified)
	at java.io.FileInputStream.open0(Native Method) ~[?:?]
	at java.io.FileInputStream.open(FileInputStream.java:213) ~[?:?]
	at java.io.FileInputStream.<init>(FileInputStream.java:152) ~[?:?]
	at java.io.FileInputStream.<init>(FileInputStream.java:106) ~[?:?]
	at org.epamLab.utils.EnvironmentProperties.<init>(EnvironmentProperties.java:17) [classes/:?]
	at base.BaseTestRunner.beforeSuite(BaseTestRunner.java:28) [test-classes/:?]
	at jdk.internal.reflect.DirectMethodHandleAccessor.invoke(DirectMethodHandleAccessor.java:103) ~[?:?]
	at java.lang.reflect.Method.invoke(Method.java:580) ~[?:?]
	at org.testng.internal.invokers.MethodInvocationHelper.invokeMethod(MethodInvocationHelper.java:141) [testng-7.11.0.jar:7.11.0]
	at org.testng.internal.invokers.MethodInvocationHelper.invokeMethodConsideringTimeout(MethodInvocationHelper.java:71) [testng-7.11.0.jar:7.11.0]
	at org.testng.internal.invokers.ConfigInvoker.invokeConfigurationMethod(ConfigInvoker.java:400) [testng-7.11.0.jar:7.11.0]
	at org.testng.internal.invokers.ConfigInvoker.invokeConfigurations(ConfigInvoker.java:333) [testng-7.11.0.jar:7.11.0]
	at org.testng.SuiteRunner.privateRun(SuiteRunner.java:358) [testng-7.11.0.jar:7.11.0]
	at org.testng.SuiteRunner.run(SuiteRunner.java:312) [testng-7.11.0.jar:7.11.0]
	at org.testng.SuiteRunnerWorker.runSuite(SuiteRunnerWorker.java:52) [testng-7.11.0.jar:7.11.0]
	at org.testng.SuiteRunnerWorker.run(SuiteRunnerWorker.java:95) [testng-7.11.0.jar:7.11.0]
	at org.testng.TestNG.runSuitesSequentially(TestNG.java:1274) [testng-7.11.0.jar:7.11.0]
	at org.testng.TestNG.runSuitesLocally(TestNG.java:1208) [testng-7.11.0.jar:7.11.0]
	at org.testng.TestNG.runSuites(TestNG.java:1112) [testng-7.11.0.jar:7.11.0]
	at org.testng.TestNG.run(TestNG.java:1079) [testng-7.11.0.jar:7.11.0]
	at org.apache.maven.surefire.testng.TestNGExecutor.run(TestNGExecutor.java:308) [surefire-testng-3.5.3.jar:3.5.3]
	at org.apache.maven.surefire.testng.TestNGXmlTestSuite.execute(TestNGXmlTestSuite.java:71) [surefire-testng-3.5.3.jar:3.5.3]
	at org.apache.maven.surefire.testng.TestNGProvider.invoke(TestNGProvider.java:113) [surefire-testng-3.5.3.jar:3.5.3]
	at org.apache.maven.surefire.booter.ForkedBooter.runSuitesInProcess(ForkedBooter.java:385) [surefire-booter-3.5.3.jar:3.5.3]
	at org.apache.maven.surefire.booter.ForkedBooter.execute(ForkedBooter.java:162) [surefire-booter-3.5.3.jar:3.5.3]
	at org.apache.maven.surefire.booter.ForkedBooter.run(ForkedBooter.java:507) [surefire-booter-3.5.3.jar:3.5.3]
	at org.apache.maven.surefire.booter.ForkedBooter.main(ForkedBooter.java:495) [surefire-booter-3.5.3.jar:3.5.3]
2025-05-13 00:44:18 [main] INFO  org.epamLab.listeners.ScreenshotListener - Test context 'Regression Tests' started.
2025-05-13 00:44:23 [main] WARN  org.epamLab.listeners.ScreenshotListener - Test 'testAddProductToWishlist' was skipped.
2025-05-13 00:44:26 [main] WARN  org.epamLab.listeners.ScreenshotListener - Test 'verifyAddedProductWithSetQuantity' was skipped.
2025-05-13 00:44:27 [main] INFO  org.epamLab.listeners.ScreenshotListener - Test context 'Regression Tests' finished.
2025-05-13 00:44:58 [main] ERROR org.epamLab.utils.EnvironmentProperties - Error loading property file: src/test/resources/env_.properties
java.io.FileNotFoundException: src\test\resources\env_.properties (The system cannot find the file specified)
	at java.io.FileInputStream.open0(Native Method) ~[?:?]
	at java.io.FileInputStream.open(FileInputStream.java:213) ~[?:?]
	at java.io.FileInputStream.<init>(FileInputStream.java:152) ~[?:?]
	at java.io.FileInputStream.<init>(FileInputStream.java:106) ~[?:?]
	at org.epamLab.utils.EnvironmentProperties.<init>(EnvironmentProperties.java:17) [classes/:?]
	at base.BaseTestRunner.beforeSuite(BaseTestRunner.java:28) [test-classes/:?]
	at jdk.internal.reflect.DirectMethodHandleAccessor.invoke(DirectMethodHandleAccessor.java:103) ~[?:?]
	at java.lang.reflect.Method.invoke(Method.java:580) ~[?:?]
	at org.testng.internal.invokers.MethodInvocationHelper.invokeMethod(MethodInvocationHelper.java:141) [testng-7.11.0.jar:7.11.0]
	at org.testng.internal.invokers.MethodInvocationHelper.invokeMethodConsideringTimeout(MethodInvocationHelper.java:71) [testng-7.11.0.jar:7.11.0]
	at org.testng.internal.invokers.ConfigInvoker.invokeConfigurationMethod(ConfigInvoker.java:400) [testng-7.11.0.jar:7.11.0]
	at org.testng.internal.invokers.ConfigInvoker.invokeConfigurations(ConfigInvoker.java:333) [testng-7.11.0.jar:7.11.0]
	at org.testng.SuiteRunner.privateRun(SuiteRunner.java:358) [testng-7.11.0.jar:7.11.0]
	at org.testng.SuiteRunner.run(SuiteRunner.java:312) [testng-7.11.0.jar:7.11.0]
	at org.testng.SuiteRunnerWorker.runSuite(SuiteRunnerWorker.java:52) [testng-7.11.0.jar:7.11.0]
	at org.testng.SuiteRunnerWorker.run(SuiteRunnerWorker.java:95) [testng-7.11.0.jar:7.11.0]
	at org.testng.TestNG.runSuitesSequentially(TestNG.java:1274) [testng-7.11.0.jar:7.11.0]
	at org.testng.TestNG.runSuitesLocally(TestNG.java:1208) [testng-7.11.0.jar:7.11.0]
	at org.testng.TestNG.runSuites(TestNG.java:1112) [testng-7.11.0.jar:7.11.0]
	at org.testng.TestNG.run(TestNG.java:1079) [testng-7.11.0.jar:7.11.0]
	at org.apache.maven.surefire.testng.TestNGExecutor.run(TestNGExecutor.java:308) [surefire-testng-3.5.3.jar:3.5.3]
	at org.apache.maven.surefire.testng.TestNGXmlTestSuite.execute(TestNGXmlTestSuite.java:71) [surefire-testng-3.5.3.jar:3.5.3]
	at org.apache.maven.surefire.testng.TestNGProvider.invoke(TestNGProvider.java:113) [surefire-testng-3.5.3.jar:3.5.3]
	at org.apache.maven.surefire.booter.ForkedBooter.runSuitesInProcess(ForkedBooter.java:385) [surefire-booter-3.5.3.jar:3.5.3]
	at org.apache.maven.surefire.booter.ForkedBooter.execute(ForkedBooter.java:162) [surefire-booter-3.5.3.jar:3.5.3]
	at org.apache.maven.surefire.booter.ForkedBooter.run(ForkedBooter.java:507) [surefire-booter-3.5.3.jar:3.5.3]
	at org.apache.maven.surefire.booter.ForkedBooter.main(ForkedBooter.java:495) [surefire-booter-3.5.3.jar:3.5.3]
2025-05-13 00:44:58 [main] INFO  org.epamLab.listeners.ScreenshotListener - Test context 'Regression Tests' started.
2025-05-13 00:45:01 [main] WARN  org.epamLab.listeners.ScreenshotListener - Test 'testAddProductToWishlist' was skipped.
2025-05-13 00:45:04 [main] WARN  org.epamLab.listeners.ScreenshotListener - Test 'verifyAddedProductWithSetQuantity' was skipped.
2025-05-13 00:45:04 [main] INFO  org.epamLab.listeners.ScreenshotListener - Test context 'Regression Tests' finished.
2025-05-13 00:45:21 [main] ERROR org.epamLab.utils.EnvironmentProperties - Error loading property file: src/test/resources/env_.properties
java.io.FileNotFoundException: src\test\resources\env_.properties (The system cannot find the file specified)
	at java.io.FileInputStream.open0(Native Method) ~[?:?]
	at java.io.FileInputStream.open(FileInputStream.java:213) ~[?:?]
	at java.io.FileInputStream.<init>(FileInputStream.java:152) ~[?:?]
	at java.io.FileInputStream.<init>(FileInputStream.java:106) ~[?:?]
	at org.epamLab.utils.EnvironmentProperties.<init>(EnvironmentProperties.java:17) [classes/:?]
	at base.BaseTestRunner.beforeSuite(BaseTestRunner.java:28) [test-classes/:?]
	at jdk.internal.reflect.DirectMethodHandleAccessor.invoke(DirectMethodHandleAccessor.java:103) ~[?:?]
	at java.lang.reflect.Method.invoke(Method.java:580) ~[?:?]
	at org.testng.internal.invokers.MethodInvocationHelper.invokeMethod(MethodInvocationHelper.java:141) [testng-7.11.0.jar:7.11.0]
	at org.testng.internal.invokers.MethodInvocationHelper.invokeMethodConsideringTimeout(MethodInvocationHelper.java:71) [testng-7.11.0.jar:7.11.0]
	at org.testng.internal.invokers.ConfigInvoker.invokeConfigurationMethod(ConfigInvoker.java:400) [testng-7.11.0.jar:7.11.0]
	at org.testng.internal.invokers.ConfigInvoker.invokeConfigurations(ConfigInvoker.java:333) [testng-7.11.0.jar:7.11.0]
	at org.testng.SuiteRunner.privateRun(SuiteRunner.java:358) [testng-7.11.0.jar:7.11.0]
	at org.testng.SuiteRunner.run(SuiteRunner.java:312) [testng-7.11.0.jar:7.11.0]
	at org.testng.SuiteRunnerWorker.runSuite(SuiteRunnerWorker.java:52) [testng-7.11.0.jar:7.11.0]
	at org.testng.SuiteRunnerWorker.run(SuiteRunnerWorker.java:95) [testng-7.11.0.jar:7.11.0]
	at org.testng.TestNG.runSuitesSequentially(TestNG.java:1274) [testng-7.11.0.jar:7.11.0]
	at org.testng.TestNG.runSuitesLocally(TestNG.java:1208) [testng-7.11.0.jar:7.11.0]
	at org.testng.TestNG.runSuites(TestNG.java:1112) [testng-7.11.0.jar:7.11.0]
	at org.testng.TestNG.run(TestNG.java:1079) [testng-7.11.0.jar:7.11.0]
	at org.apache.maven.surefire.testng.TestNGExecutor.run(TestNGExecutor.java:308) [surefire-testng-3.5.3.jar:3.5.3]
	at org.apache.maven.surefire.testng.TestNGXmlTestSuite.execute(TestNGXmlTestSuite.java:71) [surefire-testng-3.5.3.jar:3.5.3]
	at org.apache.maven.surefire.testng.TestNGProvider.invoke(TestNGProvider.java:113) [surefire-testng-3.5.3.jar:3.5.3]
	at org.apache.maven.surefire.booter.ForkedBooter.runSuitesInProcess(ForkedBooter.java:385) [surefire-booter-3.5.3.jar:3.5.3]
	at org.apache.maven.surefire.booter.ForkedBooter.execute(ForkedBooter.java:162) [surefire-booter-3.5.3.jar:3.5.3]
	at org.apache.maven.surefire.booter.ForkedBooter.run(ForkedBooter.java:507) [surefire-booter-3.5.3.jar:3.5.3]
	at org.apache.maven.surefire.booter.ForkedBooter.main(ForkedBooter.java:495) [surefire-booter-3.5.3.jar:3.5.3]
2025-05-13 00:45:21 [main] INFO  org.epamLab.listeners.ScreenshotListener - Test context 'Regression Tests' started.
2025-05-13 00:45:24 [main] WARN  org.epamLab.listeners.ScreenshotListener - Test 'testAddProductToWishlist' was skipped.
2025-05-13 00:45:27 [main] WARN  org.epamLab.listeners.ScreenshotListener - Test 'verifyAddedProductWithSetQuantity' was skipped.
2025-05-13 00:45:28 [main] INFO  org.epamLab.listeners.ScreenshotListener - Test context 'Regression Tests' finished.
2025-05-13 00:46:24 [main] ERROR org.epamLab.utils.EnvironmentProperties - Error loading property file: src/test/resources/env_.properties
java.io.FileNotFoundException: src\test\resources\env_.properties (The system cannot find the file specified)
	at java.io.FileInputStream.open0(Native Method) ~[?:?]
	at java.io.FileInputStream.open(FileInputStream.java:213) ~[?:?]
	at java.io.FileInputStream.<init>(FileInputStream.java:152) ~[?:?]
	at java.io.FileInputStream.<init>(FileInputStream.java:106) ~[?:?]
	at org.epamLab.utils.EnvironmentProperties.<init>(EnvironmentProperties.java:17) [classes/:?]
	at base.BaseTestRunner.beforeSuite(BaseTestRunner.java:28) [test-classes/:?]
	at jdk.internal.reflect.DirectMethodHandleAccessor.invoke(DirectMethodHandleAccessor.java:103) ~[?:?]
	at java.lang.reflect.Method.invoke(Method.java:580) ~[?:?]
	at org.testng.internal.invokers.MethodInvocationHelper.invokeMethod(MethodInvocationHelper.java:141) [testng-7.11.0.jar:7.11.0]
	at org.testng.internal.invokers.MethodInvocationHelper.invokeMethodConsideringTimeout(MethodInvocationHelper.java:71) [testng-7.11.0.jar:7.11.0]
	at org.testng.internal.invokers.ConfigInvoker.invokeConfigurationMethod(ConfigInvoker.java:400) [testng-7.11.0.jar:7.11.0]
	at org.testng.internal.invokers.ConfigInvoker.invokeConfigurations(ConfigInvoker.java:333) [testng-7.11.0.jar:7.11.0]
	at org.testng.SuiteRunner.privateRun(SuiteRunner.java:358) [testng-7.11.0.jar:7.11.0]
	at org.testng.SuiteRunner.run(SuiteRunner.java:312) [testng-7.11.0.jar:7.11.0]
	at org.testng.SuiteRunnerWorker.runSuite(SuiteRunnerWorker.java:52) [testng-7.11.0.jar:7.11.0]
	at org.testng.SuiteRunnerWorker.run(SuiteRunnerWorker.java:95) [testng-7.11.0.jar:7.11.0]
	at org.testng.TestNG.runSuitesSequentially(TestNG.java:1274) [testng-7.11.0.jar:7.11.0]
	at org.testng.TestNG.runSuitesLocally(TestNG.java:1208) [testng-7.11.0.jar:7.11.0]
	at org.testng.TestNG.runSuites(TestNG.java:1112) [testng-7.11.0.jar:7.11.0]
	at org.testng.TestNG.run(TestNG.java:1079) [testng-7.11.0.jar:7.11.0]
	at org.apache.maven.surefire.testng.TestNGExecutor.run(TestNGExecutor.java:308) [surefire-testng-3.5.3.jar:3.5.3]
	at org.apache.maven.surefire.testng.TestNGXmlTestSuite.execute(TestNGXmlTestSuite.java:71) [surefire-testng-3.5.3.jar:3.5.3]
	at org.apache.maven.surefire.testng.TestNGProvider.invoke(TestNGProvider.java:113) [surefire-testng-3.5.3.jar:3.5.3]
	at org.apache.maven.surefire.booter.ForkedBooter.runSuitesInProcess(ForkedBooter.java:385) [surefire-booter-3.5.3.jar:3.5.3]
	at org.apache.maven.surefire.booter.ForkedBooter.execute(ForkedBooter.java:162) [surefire-booter-3.5.3.jar:3.5.3]
	at org.apache.maven.surefire.booter.ForkedBooter.run(ForkedBooter.java:507) [surefire-booter-3.5.3.jar:3.5.3]
	at org.apache.maven.surefire.booter.ForkedBooter.main(ForkedBooter.java:495) [surefire-booter-3.5.3.jar:3.5.3]
2025-05-13 00:46:24 [main] INFO  org.epamLab.listeners.ScreenshotListener - Test context 'Regression Tests' started.
2025-05-13 00:47:17 [main] INFO  org.epamLab.utils.EnvironmentProperties - Loaded environment properties from: src/test/resources/env_test.properties
2025-05-13 00:47:17 [main] INFO  org.epamLab.listeners.ScreenshotListener - Test context 'Regression Tests' started.
2025-05-13 00:47:27 [main] INFO  org.epamLab.listeners.ScreenshotListener - Test 'testAddProductToWishlist' passed successfully.
2025-05-13 00:47:38 [main] INFO  org.epamLab.listeners.ScreenshotListener - Test 'verifyAddedProductWithSetQuantity' passed successfully.
2025-05-13 00:47:39 [main] INFO  org.epamLab.listeners.ScreenshotListener - Test context 'Regression Tests' finished.
2025-05-13 00:49:17 [main] INFO  org.epamLab.utils.EnvironmentProperties - Loaded environment properties from: src/test/resources/env_test.properties
2025-05-13 00:49:17 [main] INFO  org.epamLab.listeners.ScreenshotListener - Test context 'Regression Tests' started.
2025-05-13 00:49:27 [main] INFO  org.epamLab.listeners.ScreenshotListener - Test 'testAddProductToWishlist' passed successfully.
2025-05-13 00:49:36 [main] INFO  org.epamLab.listeners.ScreenshotListener - Test 'verifyAddedProductWithSetQuantity' passed successfully.
2025-05-13 00:49:37 [main] INFO  org.epamLab.listeners.ScreenshotListener - Test context 'Regression Tests' finished.
2025-05-13 01:12:17 [main] INFO  org.epamLab.utils.EnvironmentProperties - Loaded environment properties from: src/test/resources/env_test.properties
2025-05-13 01:12:17 [main] INFO  org.epamLab.listeners.ScreenshotListener - Test context 'Regression Tests' started.
2025-05-13 01:12:25 [main] INFO  org.epamLab.listeners.ScreenshotListener - Test 'testAddProductToWishlist' passed successfully.
2025-05-13 01:12:34 [main] INFO  org.epamLab.listeners.ScreenshotListener - Test 'verifyAddedProductWithSetQuantity' passed successfully.
2025-05-13 01:12:34 [main] INFO  org.epamLab.listeners.ScreenshotListener - Test context 'Regression Tests' finished.
